2018-03-15 21:54:11,101 - __main__ - INFO - Getting stories
2018-03-15 21:54:11,356 - __main__ - INFO - current_online_max : 16596271
2018-03-15 21:54:11,356 - __main__ - INFO - db_max_val : 0
2018-03-15 21:54:11,356 - __main__ - INFO - Number of records to be fetched : 16596272
2018-03-15 21:54:11,509 - __main__ - INFO - 16596271
2018-03-15 21:54:11,664 - __main__ - INFO - 16596270
2018-03-15 21:54:11,818 - __main__ - INFO - 16596269
2018-03-15 21:54:11,972 - __main__ - INFO - 16596268
2018-03-15 21:54:12,126 - __main__ - INFO - 16596267
2018-03-15 21:54:12,280 - __main__ - INFO - 16596266
2018-03-15 21:54:12,437 - __main__ - INFO - 16596265
2018-03-15 21:54:12,590 - __main__ - INFO - 16596264
2018-03-15 21:54:12,743 - __main__ - INFO - 16596263
2018-03-15 21:54:12,898 - __main__ - INFO - 16596262
2018-03-15 21:54:13,051 - __main__ - INFO - 16596261
2018-03-15 21:54:13,052 - __main__ - INFO - (1062, "Duplicate entry '16596261' for key 'PRIMARY'")
2018-03-15 21:54:13,206 - __main__ - INFO - 16596260
2018-03-15 21:54:13,359 - __main__ - INFO - 16596259
2018-03-15 21:54:13,514 - __main__ - INFO - 16596258
2018-03-15 21:54:13,668 - __main__ - INFO - 16596257
2018-03-15 21:54:13,824 - __main__ - INFO - 16596256
2018-03-15 21:54:13,977 - __main__ - INFO - 16596255
2018-03-15 21:54:14,130 - __main__ - INFO - 16596254
2018-03-15 21:54:14,284 - __main__ - INFO - 16596253
2018-03-15 21:54:14,436 - __main__ - INFO - 16596252
2018-03-15 21:54:14,588 - __main__ - INFO - 16596251
2018-03-15 21:54:14,742 - __main__ - INFO - 16596250
2018-03-15 21:54:14,896 - __main__ - INFO - 16596249
2018-03-15 21:54:15,050 - __main__ - INFO - 16596248
2018-03-15 21:54:15,203 - __main__ - INFO - 16596247
2018-03-15 21:54:15,355 - __main__ - INFO - 16596246
2018-03-15 21:54:15,356 - __main__ - INFO - (1062, "Duplicate entry '16596246' for key 'PRIMARY'")
2018-03-15 21:54:15,508 - __main__ - INFO - 16596245
2018-03-15 21:54:15,661 - __main__ - INFO - 16596244
2018-03-15 21:54:15,661 - __main__ - INFO - (1062, "Duplicate entry '16596244' for key 'PRIMARY'")
2018-03-15 21:54:15,815 - __main__ - INFO - 16596243
2018-03-15 21:54:15,968 - __main__ - INFO - 16596242
2018-03-15 21:54:15,969 - __main__ - INFO - (1062, "Duplicate entry '16596242' for key 'PRIMARY'")
2018-03-15 21:54:16,122 - __main__ - INFO - 16596241
2018-03-15 21:54:16,275 - __main__ - INFO - 16596240
2018-03-15 21:54:16,429 - __main__ - INFO - 16596239
2018-03-15 21:57:54,585 - __main__ - INFO - Getting stories
2018-03-15 21:57:54,840 - __main__ - INFO - current_online_max : 16596271
2018-03-15 21:57:54,840 - __main__ - INFO - db_max_val : 0
2018-03-15 21:57:54,840 - __main__ - INFO - Number of records to be fetched : 16596272
2018-03-15 21:57:54,992 - __main__ - INFO - 16596271
2018-03-15 21:57:55,147 - __main__ - INFO - 16596270
2018-03-15 21:57:55,299 - __main__ - INFO - 16596269
2018-03-15 21:57:55,451 - __main__ - INFO - 16596268
2018-03-15 21:57:55,604 - __main__ - INFO - 16596267
2018-03-15 21:57:55,756 - __main__ - INFO - 16596266
2018-03-15 21:57:55,907 - __main__ - INFO - 16596265
2018-03-15 21:57:56,074 - __main__ - INFO - 16596264
2018-03-15 21:57:56,228 - __main__ - INFO - 16596263
2018-03-15 21:57:56,380 - __main__ - INFO - 16596262
2018-03-15 21:57:56,534 - __main__ - INFO - 16596261
2018-03-15 21:57:56,535 - __main__ - INFO - (1062, "Duplicate entry '16596261' for key 'PRIMARY'")
2018-03-15 21:57:56,687 - __main__ - INFO - 16596260
2018-03-15 21:57:56,842 - __main__ - INFO - 16596259
2018-03-15 21:57:56,995 - __main__ - INFO - 16596258
2018-03-15 21:57:57,148 - __main__ - INFO - 16596257
2018-03-15 21:57:57,301 - __main__ - INFO - 16596256
2018-03-15 21:57:57,454 - __main__ - INFO - 16596255
2018-03-15 21:57:57,606 - __main__ - INFO - 16596254
2018-03-15 21:57:57,759 - __main__ - INFO - 16596253
2018-03-15 21:57:57,911 - __main__ - INFO - 16596252
2018-03-15 21:57:58,065 - __main__ - INFO - 16596251
2018-03-15 21:57:58,221 - __main__ - INFO - 16596250
2018-03-15 21:57:58,376 - __main__ - INFO - 16596249
2018-03-15 21:57:58,533 - __main__ - INFO - 16596248
2018-03-15 21:57:58,686 - __main__ - INFO - 16596247
2018-03-15 21:57:58,839 - __main__ - INFO - 16596246
2018-03-15 21:57:58,840 - __main__ - INFO - (1062, "Duplicate entry '16596246' for key 'PRIMARY'")
2018-03-15 21:57:58,994 - __main__ - INFO - 16596245
2018-03-15 21:57:59,149 - __main__ - INFO - 16596244
2018-03-15 21:57:59,150 - __main__ - INFO - (1062, "Duplicate entry '16596244' for key 'PRIMARY'")
2018-03-15 21:57:59,303 - __main__ - INFO - 16596243
2018-03-15 21:57:59,455 - __main__ - INFO - 16596242
2018-03-15 21:57:59,456 - __main__ - INFO - (1062, "Duplicate entry '16596242' for key 'PRIMARY'")
2018-03-15 21:57:59,611 - __main__ - INFO - 16596241
2018-03-15 21:57:59,763 - __main__ - INFO - 16596240
2018-03-15 21:57:59,919 - __main__ - INFO - 16596239
2018-03-15 21:58:00,070 - __main__ - INFO - 16596238
2018-03-15 21:58:00,224 - __main__ - INFO - 16596237
2018-03-15 21:58:00,378 - __main__ - INFO - 16596236
2018-03-15 21:58:00,534 - __main__ - INFO - 16596235
2018-03-15 21:58:00,687 - __main__ - INFO - 16596234
2018-03-15 21:58:00,688 - __main__ - INFO - (1062, "Duplicate entry '16596234' for key 'PRIMARY'")
2018-03-15 21:58:00,843 - __main__ - INFO - 16596233
2018-03-15 21:58:00,998 - __main__ - INFO - 16596232
2018-03-15 21:58:01,153 - __main__ - INFO - 16596231
2018-03-15 21:58:01,308 - __main__ - INFO - 16596230
2018-03-15 21:58:01,309 - __main__ - INFO - (1062, "Duplicate entry '16596230' for key 'PRIMARY'")
2018-03-15 21:58:01,462 - __main__ - INFO - 16596229
2018-03-15 21:58:01,463 - __main__ - INFO - (1062, "Duplicate entry '16596229' for key 'PRIMARY'")
2018-03-15 21:58:01,616 - __main__ - INFO - 16596228
2018-03-15 21:58:01,769 - __main__ - INFO - 16596227
2018-03-15 21:58:01,924 - __main__ - INFO - 16596226
2018-03-15 21:58:02,078 - __main__ - INFO - 16596225
2018-03-15 21:58:02,079 - __main__ - INFO - (1062, "Duplicate entry '16596225' for key 'PRIMARY'")
2018-03-15 21:58:02,231 - __main__ - INFO - 16596224
2018-03-15 21:58:02,385 - __main__ - INFO - 16596223
2018-03-15 21:58:02,538 - __main__ - INFO - 16596222
2018-03-15 21:58:02,692 - __main__ - INFO - 16596221
2018-03-15 21:58:02,847 - __main__ - INFO - 16596220
2018-03-15 21:58:03,000 - __main__ - INFO - 16596219
2018-03-15 21:58:03,156 - __main__ - INFO - 16596218
2018-03-15 21:58:03,309 - __main__ - INFO - 16596217
2018-03-15 21:58:03,463 - __main__ - INFO - 16596216
2018-03-15 21:58:03,464 - __main__ - INFO - (1062, "Duplicate entry '16596216' for key 'PRIMARY'")
2018-03-15 21:58:03,618 - __main__ - INFO - 16596215
2018-03-15 21:58:03,771 - __main__ - INFO - 16596214
2018-03-15 21:58:03,927 - __main__ - INFO - 16596213
2018-03-15 21:58:04,082 - __main__ - INFO - 16596212
2018-03-15 21:58:04,236 - __main__ - INFO - 16596211
2018-03-15 21:58:04,388 - __main__ - INFO - 16596210
2018-03-15 21:58:04,540 - __main__ - INFO - 16596209
2018-03-15 21:58:04,541 - __main__ - INFO - (1062, "Duplicate entry '16596209' for key 'PRIMARY'")
2018-03-15 21:58:04,693 - __main__ - INFO - 16596208
2018-03-15 21:58:04,848 - __main__ - INFO - 16596207
2018-03-15 21:58:05,004 - __main__ - INFO - 16596206
2018-03-15 21:58:05,158 - __main__ - INFO - 16596205
2018-03-15 21:58:05,159 - __main__ - INFO - (1062, "Duplicate entry '16596205' for key 'PRIMARY'")
2018-03-15 21:58:05,314 - __main__ - INFO - 16596204
2018-03-15 21:58:05,469 - __main__ - INFO - 16596203
2018-03-15 21:58:05,624 - __main__ - INFO - 16596202
2018-03-15 21:58:05,775 - __main__ - INFO - 16596201
2018-03-15 21:58:05,928 - __main__ - INFO - 16596200
2018-03-15 21:58:06,084 - __main__ - INFO - 16596199
2018-03-15 21:58:06,238 - __main__ - INFO - 16596198
2018-03-15 21:58:06,392 - __main__ - INFO - 16596197
2018-03-15 21:58:06,546 - __main__ - INFO - 16596196
2018-03-15 21:58:06,699 - __main__ - INFO - 16596195
2018-03-15 21:58:06,700 - __main__ - INFO - (1062, "Duplicate entry '16596195' for key 'PRIMARY'")
2018-03-15 21:58:06,854 - __main__ - INFO - 16596194
2018-03-15 21:58:07,006 - __main__ - INFO - 16596193
2018-03-15 21:58:07,161 - __main__ - INFO - 16596192
2018-03-15 21:58:07,317 - __main__ - INFO - 16596191
2018-03-15 21:58:07,472 - __main__ - INFO - 16596190
2018-03-15 21:58:07,624 - __main__ - INFO - 16596189
2018-03-15 21:58:07,625 - __main__ - INFO - (1062, "Duplicate entry '16596189' for key 'PRIMARY'")
2018-03-15 21:58:07,779 - __main__ - INFO - 16596188
2018-03-15 21:58:07,935 - __main__ - INFO - 16596187
2018-03-15 21:58:07,936 - __main__ - INFO - (1062, "Duplicate entry '16596187' for key 'PRIMARY'")
2018-03-15 21:58:08,090 - __main__ - INFO - 16596186
2018-03-15 21:58:08,241 - __main__ - INFO - 16596185
2018-03-15 21:58:08,397 - __main__ - INFO - 16596184
2018-03-15 21:58:08,555 - __main__ - INFO - 16596183
2018-03-15 21:58:08,710 - __main__ - INFO - 16596182
2018-03-15 21:58:08,864 - __main__ - INFO - 16596181
2018-03-15 21:58:08,865 - __main__ - INFO - (1062, "Duplicate entry '16596181' for key 'PRIMARY'")
2018-03-15 21:58:09,018 - __main__ - INFO - 16596180
2018-03-15 21:58:09,176 - __main__ - INFO - 16596179
2018-03-15 21:58:09,331 - __main__ - INFO - 16596178
2018-03-15 21:58:09,485 - __main__ - INFO - 16596177
2018-03-15 21:58:09,486 - __main__ - INFO - (1062, "Duplicate entry '16596177' for key 'PRIMARY'")
2018-03-15 21:58:09,641 - __main__ - INFO - 16596176
2018-03-15 21:58:10,470 - __main__ - INFO - 16596175
2018-03-15 21:58:10,471 - __main__ - INFO - (1062, "Duplicate entry '16596175' for key 'PRIMARY'")
2018-03-15 21:58:10,624 - __main__ - INFO - 16596174
2018-03-15 21:58:10,778 - __main__ - INFO - 16596173
2018-03-15 21:58:10,934 - __main__ - INFO - 16596172
2018-03-15 21:58:11,087 - __main__ - INFO - 16596171
